[pepeascension.com/index.html]
[backblue.gif]
[fade.gif]
[index.html]
[pepeascension.com/favicon.ico]
[pepeascension.com/assets/images/social-frame-2.png]
[pepeascension.com/assets/index-Duqvvwqw.css]
[connect.facebook.net/en_US/fbevents.js]
[pepeascension.com/assets/index-Dm5-ab8B.js]
[plausible.io/js/script.file-downloads.hash.outbound-links.pageview-props.revenue.tagged-events.js]
[pepeascension.com/index.html]
[dynamic.criteo.com/js/ld/ld532e.js]
[pepeascension.com/assets/ajax-loader-BcnMEykj.gif]
[pepeascension.com/assets/index-Duqvvwqw.css]
[pepeascension.com/a.html]
[pepeascension.com/POST.html]
[pepeascension.com/b.html]
[pepeascension.com/schema.org/index.html]
[connect.facebook.net/en_US/fbevents.js]
[pepeascension.com/a.html]
[pepeascension.com/POST.html]
[pepeascension.com/schema.org/index.html]
[pepeascension.com/b.html]
[pepeascension.com/signals/iwl.html]
[pepeascension.com/signals/iwl.html]
