[sumatran.cat/index.html]
[sumatran.cat/about.67c89eb0.js]
[backblue.gif]
[fade.gif]
[index.html]
[sumatran.cat/about.a448382c.js]
[sumatran.cat/favicon.66939c1c.png]
[sumatran.cat/up_/manifest.webmanifest]
[sumatran.cat/about.75a14a41.css]
[sumatran.cat/about]
[sumatran.cat/work]
[sumatran.cat/about.61624955.js]
[sumatran.cat/index.html]
[sumatran.cat/about.75a14a41.css]
[sumatran.cat/about]
[sumatran.cat/fwd-people.07617f6a.jpg]
[sumatran.cat/about.552d68ec.js]
[sumatran.cat/weird-circles.6e026f68.jpg]
[sumatran.cat/mfol.4a0bb845.jpg]
[sumatran.cat/interactive-svg-line.912835ff.jpg]
[sumatran.cat/google-io-countdown.0a9a0bf3.jpg]
[sumatran.cat/fwd-wrapped.1740ae4c.jpg]
[sumatran.cat/reveal-password.351af833.jpg]
[sumatran.cat/triage.e43b83b0.jpg]
[sumatran.cat/windows-hello.dfb4c72f.jpg]
[sumatran.cat/overlap-associates.aa567678.jpg]
[sumatran.cat/mario.8d734b6b.jpg]
[sumatran.cat/fwd-fundraising.af181a7a.jpg]
[sumatran.cat/work]
